[36m[LOG][37m Checking remote kill switch...
[32m[SUCCESS][37m Remote check passed. Script is allowed to run.
[36m[LOG][37m Checking for updates...
[32m[SUCCESS][37m No new updates available.
[36m[LOG][37m Installing required packages...
[32m[SUCCESS][37m php is already installed.
[31m[ERROR][37m openssh not found, installing...
[32m[SUCCESS][37m git is already installed.
[32m[SUCCESS][37m curl is already installed.
[36m[LOG][37m Installing required packages...
[32m[SUCCESS][37m php is already installed.
[31m[ERROR][37m openssh not found, installing...
[32m[SUCCESS][37m git is already installed.
[32m[SUCCESS][37m curl is already installed.
[31m[ERROR][37m Failed to enter work directory.
[36m[LOG][37m Checking remote kill switch...
[32m[SUCCESS][37m Remote check passed. Script is allowed to run.
[36m[LOG][37m Checking for updates...
[32m[SUCCESS][37m No new updates available.
[36m[LOG][37m Checking for updates...
[32m[SUCCESS][37m No new updates available.
[36m[LOG][37m No PHP processes found.
[36m[LOG][37m Checking remote kill switch...
[32m[SUCCESS][37m Remote check passed. Script is allowed to run.
[36m[LOG][37m Checking for updates...
[32m[SUCCESS][37m No new updates available.
[31m[ERROR][37m Failed to enter work directory.
[36m[LOG][37m Checking remote kill switch...
[32m[SUCCESS][37m Remote check passed. Script is allowed to run.
[36m[LOG][37m Checking blacklist...
[31m[ERROR][37m This device () has been blacklisted by the producer.
[36m[LOG][37m Checking remote kill switch...
[32m[SUCCESS][37m Remote check passed. Script is allowed to run.
[36m[LOG][37m Checking blacklist...
[32m[SUCCESS][37m Device is not blacklisted.
[36m[LOG][37m Logging device info to producer's repository...
[36m[LOG][37m Checking remote kill switch...
[32m[SUCCESS][37m Remote check passed. Script is allowed to run.
[36m[LOG][37m Checking blacklist...
[32m[SUCCESS][37m Device is not blacklisted.
[36m[LOG][37m Logging device info to producer's repository...
[36m[LOG][37m Checking remote kill switch...
[32m[SUCCESS][37m Remote check passed. Script is allowed to run.
[36m[LOG][37m Checking blacklist...
[32m[SUCCESS][37m Device is not blacklisted.
[36m[LOG][37m Logging device info to producer's repository...
[36m[LOG][37m Checking remote kill switch...
[36m[LOG][37m Checking blacklist...
[31m[ERROR][37m This device () has been blacklisted by the producer.
[36m[LOG][37m Checking remote kill switch...
[36m[LOG][37m Checking blacklist...
[31m[ERROR][37m This device () has been blacklisted by the producer.
[36m[LOG][37m Checking remote kill switch...
[36m[LOG][37m Checking blacklist...
[31m[ERROR][37m This device () has been blacklisted by the producer.
[36m[LOG][37m Checking remote kill switch...
[36m[LOG][37m Checking blacklist...
[31m[ERROR][37m This device () has been blacklisted by the producer.
[36m[LOG][37m Checking remote kill switch...
[36m[LOG][37m Logging device info to producer's GitHub repository...
[36m[LOG][37m Checking remote kill switch...
[36m[LOG][37m Logging device info to producer's GitHub repository...
[36m[LOG][37m Checking remote kill switch...
[36m[LOG][37m Logging device info to producer's GitHub repository...
[36m[LOG][37m Checking remote kill switch...
[36m[LOG][37m Logging device info to producer's GitHub repository...
[36m[LOG][37m Checking remote kill switch...
[36m[LOG][37m Logging device info to producer's GitHub repository...
[36m[LOG][37m Checking remote kill switch...
[36m[LOG][37m Logging device info to producer's GitHub repository...
[36m[LOG][37m Checking remote kill switch...
[36m[LOG][37m Logging device info to producer's GitHub repository...
[36m[LOG][37m Checking remote kill switch...
[36m[LOG][37m Checking for updates...
[32m[SUCCESS][37m No new updates available.
[31m[ERROR][37m Invalid choice. Try again.
[36m[LOG][37m Checking remote kill switch...
[32m[SUCCESS][37m Remote check passed. Script is allowed to run.
[36m[LOG][37m Checking for updates...
[32m[SUCCESS][37m No new updates available.
[31m[ERROR][37m Failed to enter work directory.
